#
# A fatal error has been detected by the Java Runtime Environment:
#
#  EXCEPTION_ACCESS_VIOLATION (0xc0000005) at pc=0x00007ffd706003a7, pid=6840, tid=5288
#
# JRE version: OpenJDK Runtime Environment Temurin-17.0.1+12 (17.0.1+12) (build 17.0.1+12)
# Java VM: OpenJDK 64-Bit Server VM Temurin-17.0.1+12 (17.0.1+12, mixed mode, tiered, compressed oops, compressed class ptrs, parallel gc, windows-amd64)
# Problematic frame:
# V  [jvm.dll+0x6b03a7]
#
# No core dump will be written. Minidumps are not enabled by default on client versions of Windows
#
# If you would like to submit a bug report, please visit:
#   https://github.com/adoptium/adoptium-support/issues
#

---------------  S U M M A R Y ------------

Command Line: --add-modules=ALL-SYSTEM --add-opens=java.base/java.util=ALL-UNNAMED --add-opens=java.base/java.lang=ALL-UNNAMED --add-opens=java.base/sun.nio.fs=ALL-UNNAMED -Declipse.application=org.eclipse.jdt.ls.core.id1 -Dosgi.bundles.defaultStartLevel=4 -Declipse.product=org.eclipse.jdt.ls.core.product -Djava.import.generatesMetadataFilesAtProjectRoot=false -Dfile.encoding=utf8 -DwatchParentProcess=false -XX:+UseParallelGC -XX:GCTimeRatio=4 -XX:AdaptiveSizePolicyWeight=90 -Dsun.zip.disableMemoryMapping=true -Xmx1G -Xms100m -XX:+HeapDumpOnOutOfMemoryError -XX:HeapDumpPath=c:\Users\Tariq Ahmed\AppData\Roaming\Code\User\workspaceStorage\c492ecba1bd7fc04f28ac71ae3ccf134\redhat.java c:\Users\Tariq Ahmed\.vscode\extensions\redhat.java-1.3.0\server\plugins\org.eclipse.equinox.launcher_1.6.400.v20210924-0641.jar -configuration c:\Users\Tariq Ahmed\AppData\Roaming\Code\User\globalStorage\redhat.java\1.3.0\config_win -data c:\Users\Tariq Ahmed\AppData\Roaming\Code\User\workspaceStorage\c492ecba1bd7fc04f28ac71ae3ccf134\redhat.java\jdt_ws

Host: Intel(R) Pentium(R) CPU 2117U @ 1.80GHz, 2 cores, 3G,  Windows 10 , 64 bit Build 19041 (10.0.19041.1466)
Time: Wed Feb  2 19:52:51 2022 Pakistan Standard Time elapsed time: 81.352913 seconds (0d 0h 1m 21s)

---------------  T H R E A D  ---------------

Current thread (0x00000208a8603450):  GCTaskThread "GC Thread#1" [stack: 0x000000ca29d00000,0x000000ca29e00000] [id=5288]

Stack: [0x000000ca29d00000,0x000000ca29e00000],  sp=0x000000ca29dff9d0,  free space=1022k
Native frames: (J=compiled Java code, j=interpreted, Vv=VM code, C=native code)
V  [jvm.dll+0x6b03a7]
V  [jvm.dll+0x6abb72]
V  [jvm.dll+0x6ac963]
V  [jvm.dll+0x6aac4f]
V  [jvm.dll+0x85b53b]
V  [jvm.dll+0x85b586]
V  [jvm.dll+0x7de51a]
V  [jvm.dll+0x673305]
C  [ucrtbase.dll+0x21bb2]
C  [KERNEL32.DLL+0x17034]
C  [ntdll.dll+0x52651]


siginfo: EXCEPTION_ACCESS_VIOLATION (0xc0000005), reading address 0x0000000000000008


Register to memory mapping:

RIP=0x00007ffd706003a7 jvm.dll
RAX=0x0 is NULL
RBX=0x000000ca29dffb40 points into unknown readable memory: 0x00007ffd708fd9d8 | d8 d9 8f 70 fd 7f 00 00
RCX=0x0000000000000003 is an unknown value
RDX=
[error occurred during error reporting (printing register info), id 0xc0000005, EXCEPTION_ACCESS_VIOLATION (0xc0000005) at pc=0x00007ffd705d0a96]

Registers:
RAX=0x0000000000000000, RBX=0x000000ca29dffb40, RCX=0x0000000000000003, RDX=0x00000000c94a0618
RSP=0x000000ca29dff9d0, RBP=0x00000208a68a15f0, RSI=0x00000000d1500000, RDI=0x000000000000b279
R8 =0x0000000000000000, R9 =0x0000000000000001, R10=0x0000000000000000, R11=0x00000208a68a15f0
R12=0x00000000d1512780, R13=0x0000000000000229, R14=0x00000000d14b2d98, R15=0x00000000d1400000
RIP=0x00007ffd706003a7, EFLAGS=0x0000000000010246

Top of Stack: (sp=0x000000ca29dff9d0)
0x000000ca29dff9d0:   00000000c1d00000 0000000000000001
0x000000ca29dff9e0:   00000208a68a15f0 0000000000000000
0x000000ca29dff9f0:   00000000022a0000 00007ffd705ce51f
0x000000ca29dffa00:   0000000002290017 00000000d1500000
0x000000ca29dffa10:   000000000000b279 00007ffd705fbb72
0x000000ca29dffa20:   00000000d1400000 00000000d147ffe8
0x000000ca29dffa30:   0000000000000229 00000000d1834108
0x000000ca29dffa40:   00000000022a182b 00007ffd705fc963
0x000000ca29dffa50:   000000ca29dffb40 00000208a68a15f0
0x000000ca29dffa60:   00000000d1500000 0000000000000228
0x000000ca29dffa70:   0000020890aa2e68 00000000c9480000
0x000000ca29dffa80:   0000000000000023 0000000000000001
0x000000ca29dffa90:   0000000000000000 00000208a8603450
0x000000ca29dffaa0:   000000ca28bff040 00007ffd708fd9f0
0x000000ca29dffab0:   0000000000000001 0000000000000000
0x000000ca29dffac0:   00000208a68a15f0 00007ffd705fac4f 

Instructions: (pc=0x00007ffd706003a7)
0x00007ffd706002a7:   00 00 4c 89 64 24 38 4c 89 7c 24 40 48 c7 44 24
0x00007ffd706002b7:   48 ff ff ff ff 48 89 5c 24 20 e8 4a e0 fc ff 85
0x00007ffd706002c7:   c0 75 40 48 8b 84 24 90 00 00 00 48 8b 94 24 80
0x00007ffd706002d7:   00 00 00 48 8b ca 48 c1 e9 09 4c 8b 40 70 49 03
0x00007ffd706002e7:   c8 49 c1 e0 09 48 8b c1 48 c1 e0 09 4c 2b c0 4c
0x00007ffd706002f7:   03 c2 49 c1 e8 03 44 88 01 48 8b 4c 24 70 e8 66
0x00007ffd70600307:   00 00 00 48 8b 0d a7 27 4d 00 48 8d 04 b6 48 8d
0x00007ffd70600317:   14 c1 48 8d 04 bf 48 8d 04 c1 48 3b c2 73 25 66
0x00007ffd70600327:   66 0f 1f 84 00 00 00 00 00 8b 48 1c 81 e1 ff ff
0x00007ffd70600337:   ff 07 81 c9 00 00 00 60 89 48 1c 48 83 c0 28 48
0x00007ffd70600347:   3b c2 72 e5 4c 8d 9c 24 a0 00 00 00 49 8b 5b 30
0x00007ffd70600357:   49 8b 6b 38 49 8b 73 40 49 8b e3 41 5f 41 5e 41
0x00007ffd70600367:   5d 41 5c 5f c3 cc cc cc cc 48 83 ec 48 44 0f b6
0x00007ffd70600377:   0d e3 8d 4b 00 4c 8b d9 8b 0d 63 cf 44 00 4c 8b
0x00007ffd70600387:   15 54 cf 44 00 45 84 c9 74 0f 44 8b 42 08 41 8b
0x00007ffd70600397:   c0 48 d3 e0 49 03 c2 eb 07 48 8b 42 08 44 8b c0
0x00007ffd706003a7:   81 78 08 00 00 00 c0 73 3f 48 c7 44 24 28 00 00
0x00007ffd706003b7:   00 00 48 8d 05 68 d6 2f 00 48 89 44 24 20 4c 89
0x00007ffd706003c7:   5c 24 30 45 84 c9 74 08 49 d3 e0 4d 03 c2 eb 04
0x00007ffd706003d7:   4c 8b 42 08 49 63 40 0c 4c 8d 0d 8a 22 46 00 48
0x00007ffd706003e7:   8d 4c 24 20 41 ff 14 c1 48 83 c4 48 c3 cc cc cc
0x00007ffd706003f7:   cc cc cc cc cc cc cc cc cc 48 89 5c 24 18 55 56
0x00007ffd70600407:   57 41 54 41 55 41 56 41 57 48 8b ec 48 81 ec 80
0x00007ffd70600417:   00 00 00 48 8b 05 37 e5 47 00 48 33 c4 48 89 45
0x00007ffd70600427:   f8 4c 8d b1 40 01 00 00 89 55 b4 44 8b fa 48 89
0x00007ffd70600437:   4d b8 4c 8b e1 48 8d 55 b0 33 db 49 8b ce 89 5d
0x00007ffd70600447:   b0 e8 53 b4 1a 00 4c 8d 2d 34 d6 2f 00 84 c0 0f
0x00007ffd70600457:   84 87 00 00 00 4c 8d 25 5d 18 2a 00 8b 7d b0 41
0x00007ffd70600467:   8b cf e8 52 6e ff ff 4c 89 6d c0 48 8b f0 48 89
0x00007ffd70600477:   45 c8 85 ff 74 2e 83 ff 02 75 45 4c 8d 0d 0f d8
0x00007ffd70600487:   2f 00 89 7c 24 20 41 b8 c7 07 00 00 48 8d 15 26
0x00007ffd70600497:   d8 2f 00 b9 00 00 00 e0 e8 5c 49 b9 ff e8 a7 3b 


Stack slot to memory mapping:
stack at sp + 0 slots: 0x00000000c1d00000 is pointing into object: [Ljava.util.HashMap$Node; 
{0x00000000c1cffe78} - klass: 'java/util/HashMap$Node'[]
 - length: 128
stack at sp + 1 slots: 0x0000000000000001 is an unknown value
stack at sp + 2 slots: 0x00000208a68a15f0 points into unknown readable memory: 0x0000020890ae0150 | 50 01 ae 90 08 02 00 00
stack at sp + 3 slots: 0x0 is NULL
stack at sp + 4 slots: 0x00000000022a0000 is an unknown value
stack at sp + 5 slots: 0x00007ffd705ce51f jvm.dll
stack at sp + 6 slots: 0x0000000002290017 is an unknown value
stack at sp + 7 slots: 
[error occurred during error reporting (inspecting top of stack), id 0xc0000005, EXCEPTION_ACCESS_VIOLATION (0xc0000005) at pc=0x00007ffd705d0a96]


---------------  P R O C E S S  ---------------

Threads class SMR info:
_java_thread_list=0x00000208aa01dce0, length=26, elements={
0x0000020890bfefe0, 0x00000208a68fc740, 0x00000208a68fd200, 0x00000208a6927260,
0x00000208a6927d20, 0x00000208a69287e0, 0x00000208a692c1c0, 0x00000208a692ce60,
0x00000208a692d810, 0x00000208a6992a10, 0x00000208a7ceb420, 0x00000208a7e5ee00,
0x00000208a8395ac0, 0x00000208a83d6fa0, 0x00000208a83d7470, 0x00000208a7fb3f80,
0x00000208aa5c5dc0, 0x00000208aa1a4080, 0x00000208aa1a36e0, 0x00000208aa1a1530,
0x00000208aa1a3bb0, 0x00000208aa1a4550, 0x00000208aa1a2870, 0x00000208aa1a1060,
0x00000208aa1a4a20, 0x00000208aa1a1ed0
}

Java Threads: ( => current thread )
  0x0000020890bfefe0 JavaThread "main" [_thread_blocked, id=9960, stack(0x000000ca28800000,0x000000ca28900000)]
  0x00000208a68fc740 JavaThread "Reference Handler" daemon [_thread_blocked, id=8468, stack(0x000000ca28c00000,0x000000ca28d00000)]
  0x00000208a68fd200 JavaThread "Finalizer" daemon [_thread_blocked, id=8032, stack(0x000000ca28d00000,0x000000ca28e00000)]
  0x00000208a6927260 JavaThread "Signal Dispatcher" daemon [_thread_blocked, id=3628, stack(0x000000ca28e00000,0x000000ca28f00000)]
  0x00000208a6927d20 JavaThread "Attach Listener" daemon [_thread_blocked, id=844, stack(0x000000ca28f00000,0x000000ca29000000)]
  0x00000208a69287e0 JavaThread "Service Thread" daemon [_thread_blocked, id=10956, stack(0x000000ca29000000,0x000000ca29100000)]
  0x00000208a692c1c0 JavaThread "Monitor Deflation Thread" daemon [_thread_blocked, id=708, stack(0x000000ca29100000,0x000000ca29200000)]
  0x00000208a692ce60 JavaThread "C2 CompilerThread0" daemon [_thread_blocked, id=3532, stack(0x000000ca29200000,0x000000ca29300000)]
  0x00000208a692d810 JavaThread "C1 CompilerThread0" daemon [_thread_blocked, id=9560, stack(0x000000ca29300000,0x000000ca29400000)]
  0x00000208a6992a10 JavaThread "Sweeper thread" daemon [_thread_blocked, id=4696, stack(0x000000ca29400000,0x000000ca29500000)]
  0x00000208a7ceb420 JavaThread "Common-Cleaner" daemon [_thread_blocked, id=7080, stack(0x000000ca29500000,0x000000ca29600000)]
  0x00000208a7e5ee00 JavaThread "Notification Thread" daemon [_thread_blocked, id=4360, stack(0x000000ca29600000,0x000000ca29700000)]
  0x00000208a8395ac0 JavaThread "Active Thread: Equinox Container: 079ef703-0f12-4778-9780-cb63c71995d5" [_thread_blocked, id=2236, stack(0x000000ca29a00000,0x000000ca29b00000)]
  0x00000208a83d6fa0 JavaThread "Framework Event Dispatcher: Equinox Container: 079ef703-0f12-4778-9780-cb63c71995d5" daemon [_thread_blocked, id=2456, stack(0x000000ca29b00000,0x000000ca29c00000)]
  0x00000208a83d7470 JavaThread "Start Level: Equinox Container: 079ef703-0f12-4778-9780-cb63c71995d5" daemon [_thread_blocked, id=10536, stack(0x000000ca29c00000,0x000000ca29d00000)]
  0x00000208a7fb3f80 JavaThread "Refresh Thread: Equinox Container: 079ef703-0f12-4778-9780-cb63c71995d5" daemon [_thread_blocked, id=1236, stack(0x000000ca29e00000,0x000000ca29f00000)]
  0x00000208aa5c5dc0 JavaThread "SCR Component Actor" daemon [_thread_blocked, id=8760, stack(0x000000ca29f00000,0x000000ca2a000000)]
  0x00000208aa1a4080 JavaThread "Worker-JM" [_thread_blocked, id=324, stack(0x000000ca2a100000,0x000000ca2a200000)]
  0x00000208aa1a36e0 JavaThread "Worker-0" [_thread_blocked, id=10488, stack(0x000000ca2a200000,0x000000ca2a300000)]
  0x00000208aa1a1530 JavaThread "Worker-1: Java indexing... " [_thread_blocked, id=5848, stack(0x000000ca2a300000,0x000000ca2a400000)]
  0x00000208aa1a3bb0 JavaThread "Java indexing" daemon [_thread_blocked, id=10524, stack(0x000000ca2a400000,0x000000ca2a500000)]
  0x00000208aa1a4550 JavaThread "Bundle File Closer" daemon [_thread_blocked, id=9024, stack(0x000000ca29800000,0x000000ca29900000)]
  0x00000208aa1a2870 JavaThread "pool-2-thread-1" [_thread_in_native, id=7676, stack(0x000000ca29900000,0x000000ca29a00000)]
  0x00000208aa1a1060 JavaThread "Worker-2" [_thread_blocked, id=6260, stack(0x000000ca2a000000,0x000000ca2a100000)]
  0x00000208aa1a4a20 JavaThread "Worker-3" [_thread_blocked, id=400, stack(0x000000ca2a500000,0x000000ca2a600000)]
  0x00000208aa1a1ed0 JavaThread "Worker-4" [_thread_blocked, id=10460, stack(0x000000ca2a800000,0x000000ca2a900000)]

Other Threads:
  0x00000208a68e5b30 VMThread "VM Thread" [stack: 0x000000ca28b00000,0x000000ca28c00000] [id=8948]
  0x00000208a7e5f2d0 WatcherThread [stack: 0x000000ca29700000,0x000000ca29800000] [id=11132]
  0x0000020890c176a0 GCTaskThread "GC Thread#0" [stack: 0x000000ca28a00000,0x000000ca28b00000] [id=1204]
=>0x00000208a8603450 GCTaskThread "GC Thread#1" [stack: 0x000000ca29d00000,0x000000ca29e00000] [id=5288]

Threads with active compile tasks:

VM state: at safepoint (normal execution)

VM Mutex/Monitor currently owned by a thread:  ([mutex/lock_event])
[0x0000020890bfa400] Threads_lock - owner thread: 0x00000208a68e5b30
[0x0000020890bfb4e0] Heap_lock - owner thread: 0x00000208aa1a3bb0

Heap address: 0x00000000c0000000, size: 1024 MB, Compressed Oops mode: 32-bit

CDS archive(s) not mapped
Compressed class space mapped at: 0x0000000100000000-0x0000000140000000, reserved size: 1073741824
Narrow klass base: 0x0000000000000000, Narrow klass shift: 3, Narrow klass range: 0x140000000

GC Precious Log:
 CPUs: 2 total, 2 available
 Memory: 3917M
 Large Page Support: Disabled
 NUMA Support: Disabled
 Compressed Oops: Enabled (32-bit)
 Alignments: Space 512K, Generation 512K, Heap 2M
 Heap Min Capacity: 100M
 Heap Initial Capacity: 100M
 Heap Max Capacity: 1G
 Pre-touch: Disabled
 Parallel Workers: 2

Heap:
 PSYoungGen      total 56320K, used 27628K [0x00000000eab00000, 0x00000000f1800000, 0x0000000100000000)
  eden space 28672K, 0% used [0x00000000eab00000,0x00000000eab00000,0x00000000ec700000)
  from space 27648K, 99% used [0x00000000ec700000,0x00000000ee1fb160,0x00000000ee200000)
  to   space 40448K, 0% used [0x00000000ef080000,0x00000000ef080000,0x00000000f1800000)
 ParOldGen       total 297984K, used 286928K [0x00000000c0000000, 0x00000000d2300000, 0x00000000eab00000)
  object space 297984K, 96% used [0x00000000c0000000,0x00000000d1834108,0x00000000d2300000)
 Metaspace       used 52496K, committed 53248K, reserved 1097728K
  class space    used 5679K, committed 6016K, reserved 1048576K

Card table byte_map: [0x00000208a4250000,0x00000208a4460000] _byte_map_base: 0x00000208a3c50000

Marking Bits: (ParMarkBitMap*) 0x00007ffd70ad2a60
 Begin Bits: [0x00000208a45c0000, 0x00000208a55c0000)
 End Bits:   [0x00000208a55c0000, 0x00000208a65c0000)

Polling page: 0x0000020890a70000

Metaspace:

Usage:
  Non-class:     45.72 MB used.
      Class:      5.55 MB used.
       Both:     51.27 MB used.

Virtual space:
  Non-class space:       48.00 MB reserved,      46.12 MB ( 96%) committed,  6 nodes.
      Class space:        1.00 GB reserved,       5.88 MB ( <1%) committed,  1 nodes.
             Both:        1.05 GB reserved,      52.00 MB (  5%) committed. 

Chunk freelists:
   Non-Class:  1.58 MB
       Class:  2.12 MB
        Both:  3.70 MB

MaxMetaspaceSize: unlimited
CompressedClassSpaceSize: 1.00 GB
Initial GC threshold: 21.00 MB
Current GC threshold: 86.50 MB
CDS: off
MetaspaceReclaimPolicy: balanced
 - commit_granule_bytes: 65536.
 - commit_granule_words: 8192.
 - virtual_space_node_default_size: 1048576.
 - enlarge_chunks_in_place: 1.
 - new_chunks_are_fully_committed: 0.
 - uncommit_free_chunks: 1.
 - use_allocation_guard: 0.
 - handle_deallocations: 1.


Internal statistics:

num_allocs_failed_limit: 6.
num_arena_births: 340.
num_arena_deaths: 0.
num_vsnodes_births: 7.
num_vsnodes_deaths: 0.
num_space_committed: 832.
num_space_uncommitted: 0.
num_chunks_returned_to_freelist: 6.
num_chunks_taken_from_freelist: 2092.
num_chunk_merges: 6.
num_chunk_splits: 1396.
num_chunks_enlarged: 938.
num_purges: 0.
num_inconsistent_stats: 0.

CodeHeap 'non-profiled nmethods': size=120064Kb used=4231Kb max_used=4231Kb free=115833Kb
 bounds [0x000002089cb30000, 0x000002089cf60000, 0x00000208a4070000]
CodeHeap 'profiled nmethods': size=120000Kb used=11453Kb max_used=11453Kb free=108546Kb
 bounds [0x0000020895600000, 0x0000020896170000, 0x000002089cb30000]
CodeHeap 'non-nmethods': size=5696Kb used=1298Kb max_used=1362Kb free=4397Kb
 bounds [0x0000020895070000, 0x00000208952e0000, 0x0000020895600000]
 total_blobs=6079 nmethods=5450 adapters=542
 compilation: enabled
              stopped_count=0, restarted_count=0
 full_count=0

Compilation events (20 events):
Event: 80.047 Thread 0x00000208a692d810 6269       3       org.eclipse.jdt.internal.core.index.DiskIndex::writeStreamChars (220 bytes)
Event: 80.048 Thread 0x00000208a692d810 nmethod 6269 0x0000020895c20590 code [0x0000020895c207a0, 0x0000020895c20d28]
Event: 80.056 Thread 0x00000208a692ce60 6270       4       org.eclipse.jdt.internal.core.index.DiskIndex::writeStreamChars (220 bytes)
Event: 80.083 Thread 0x00000208a692ce60 nmethod 6270 0x000002089cf4d990 code [0x000002089cf4db60, 0x000002089cf4e610]
Event: 80.094 Thread 0x00000208a692ce60 6271       4       org.eclipse.jdt.internal.core.index.DiskIndex::writeCategoryTable (252 bytes)
Event: 80.118 Thread 0x00000208a692ce60 nmethod 6271 0x000002089cf4eb10 code [0x000002089cf4ed40, 0x000002089cf4f760]
Event: 80.183 Thread 0x00000208a692ce60 6272 %     4       org.eclipse.jdt.internal.core.index.DiskIndex::writeCategoryTable @ 154 (252 bytes)
Event: 80.195 Thread 0x00000208a692ce60 nmethod 6272% 0x000002089cf4ff10 code [0x000002089cf500e0, 0x000002089cf506a0]
Event: 81.028 Thread 0x00000208a692d810 6273       3       java.util.LinkedList::node (65 bytes)
Event: 81.028 Thread 0x00000208a692d810 nmethod 6273 0x0000020895bc6790 code [0x0000020895bc6940, 0x0000020895bc6c18]
Event: 81.029 Thread 0x00000208a692d810 6274       1       org.eclipse.core.internal.jobs.JobChangeEvent::getJob (5 bytes)
Event: 81.029 Thread 0x00000208a692d810 nmethod 6274 0x000002089cf50b10 code [0x000002089cf50ca0, 0x000002089cf50d78]
Event: 81.081 Thread 0x00000208a692d810 6275       3       org.eclipse.jdt.internal.core.index.DiskIndex::readStreamChars (529 bytes)
Event: 81.083 Thread 0x00000208a692d810 nmethod 6275 0x0000020895a57a10 code [0x0000020895a57c80, 0x0000020895a58bd8]
Event: 81.083 Thread 0x00000208a692ce60 6276       4       java.lang.String::valueOf (15 bytes)
Event: 81.084 Thread 0x00000208a692ce60 nmethod 6276 0x000002089cf50e10 code [0x000002089cf50f80, 0x000002089cf51018]
Event: 81.086 Thread 0x00000208a692ce60 6277       4       org.eclipse.jdt.internal.core.index.DiskIndex::readStreamChars (529 bytes)
Event: 81.100 Thread 0x00000208a692ce60 nmethod 6277 0x000002089cf51110 code [0x000002089cf512c0, 0x000002089cf518c8]
Event: 81.111 Thread 0x00000208a692d810 6278       3       org.eclipse.jdt.internal.core.index.DiskIndex::readChunk (302 bytes)
Event: 81.114 Thread 0x00000208a692d810 nmethod 6278 0x00000208960aa110 code [0x00000208960aa5a0, 0x00000208960ac4f8]

GC Heap History (20 events):
Event: 73.605 GC heap after
{Heap after GC invocations=101 (full 8):
 PSYoungGen      total 24576K, used 5101K [0x00000000eab00000, 0x00000000ecf00000, 0x0000000100000000)
  eden space 19456K, 0% used [0x00000000eab00000,0x00000000eab00000,0x00000000ebe00000)
  from space 5120K, 99% used [0x00000000ebe00000,0x00000000ec2fb420,0x00000000ec300000)
  to   space 8704K, 0% used [0x00000000ec680000,0x00000000ec680000,0x00000000ecf00000)
 ParOldGen       total 247296K, used 222356K [0x00000000c0000000, 0x00000000cf180000, 0x00000000eab00000)
  object space 247296K, 89% used [0x00000000c0000000,0x00000000cd9251f0,0x00000000cf180000)
 Metaspace       used 52348K, committed 53120K, reserved 1097728K
  class space    used 5664K, committed 6016K, reserved 1048576K
}
Event: 73.708 GC heap before
{Heap before GC invocations=102 (full 8):
 PSYoungGen      total 24576K, used 24557K [0x00000000eab00000, 0x00000000ecf00000, 0x0000000100000000)
  eden space 19456K, 100% used [0x00000000eab00000,0x00000000ebe00000,0x00000000ebe00000)
  from space 5120K, 99% used [0x00000000ebe00000,0x00000000ec2fb420,0x00000000ec300000)
  to   space 8704K, 0% used [0x00000000ec680000,0x00000000ec680000,0x00000000ecf00000)
 ParOldGen       total 247296K, used 222356K [0x00000000c0000000, 0x00000000cf180000, 0x00000000eab00000)
  object space 247296K, 89% used [0x00000000c0000000,0x00000000cd9251f0,0x00000000cf180000)
 Metaspace       used 52348K, committed 53120K, reserved 1097728K
  class space    used 5664K, committed 6016K, reserved 1048576K
}
Event: 73.723 GC heap after
{Heap after GC invocations=102 (full 8):
 PSYoungGen      total 27136K, used 4560K [0x00000000eab00000, 0x00000000ecc00000, 0x0000000100000000)
  eden space 21504K, 0% used [0x00000000eab00000,0x00000000eab00000,0x00000000ec000000)
  from space 5632K, 80% used [0x00000000ec680000,0x00000000ecaf4100,0x00000000ecc00000)
  to   space 6144K, 0% used [0x00000000ec000000,0x00000000ec000000,0x00000000ec600000)
 ParOldGen       total 247296K, used 227399K [0x00000000c0000000, 0x00000000cf180000, 0x00000000eab00000)
  object space 247296K, 91% used [0x00000000c0000000,0x00000000cde11f00,0x00000000cf180000)
 Metaspace       used 52348K, committed 53120K, reserved 1097728K
  class space    used 5664K, committed 6016K, reserved 1048576K
}
Event: 74.864 GC heap before
{Heap before GC invocations=103 (full 8):
 PSYoungGen      total 27136K, used 26064K [0x00000000eab00000, 0x00000000ecc00000, 0x0000000100000000)
  eden space 21504K, 100% used [0x00000000eab00000,0x00000000ec000000,0x00000000ec000000)
  from space 5632K, 80% used [0x00000000ec680000,0x00000000ecaf4100,0x00000000ecc00000)
  to   space 6144K, 0% used [0x00000000ec000000,0x00000000ec000000,0x00000000ec600000)
 ParOldGen       total 247296K, used 227399K [0x00000000c0000000, 0x00000000cf180000, 0x00000000eab00000)
  object space 247296K, 91% used [0x00000000c0000000,0x00000000cde11f00,0x00000000cf180000)
 Metaspace       used 52348K, committed 53120K, reserved 1097728K
  class space    used 5664K, committed 6016K, reserved 1048576K
}
Event: 74.883 GC heap after
{Heap after GC invocations=103 (full 8):
 PSYoungGen      total 27648K, used 6136K [0x00000000eab00000, 0x00000000ed900000, 0x0000000100000000)
  eden space 21504K, 0% used [0x00000000eab00000,0x00000000eab00000,0x00000000ec000000)
  from space 6144K, 99% used [0x00000000ec000000,0x00000000ec5fe310,0x00000000ec600000)
  to   space 11776K, 0% used [0x00000000ecd80000,0x00000000ecd80000,0x00000000ed900000)
 ParOldGen       total 247296K, used 231582K [0x00000000c0000000, 0x00000000cf180000, 0x00000000eab00000)
  object space 247296K, 93% used [0x00000000c0000000,0x00000000ce227ac8,0x00000000cf180000)
 Metaspace       used 52348K, committed 53120K, reserved 1097728K
  class space    used 5664K, committed 6016K, reserved 1048576K
}
Event: 75.069 GC heap before
{Heap before GC invocations=104 (full 8):
 PSYoungGen      total 27648K, used 27640K [0x00000000eab00000, 0x00000000ed900000, 0x0000000100000000)
  eden space 21504K, 100% used [0x00000000eab00000,0x00000000ec000000,0x00000000ec000000)
  from space 6144K, 99% used [0x00000000ec000000,0x00000000ec5fe310,0x00000000ec600000)
  to   space 11776K, 0% used [0x00000000ecd80000,0x00000000ecd80000,0x00000000ed900000)
 ParOldGen       total 247296K, used 231582K [0x00000000c0000000, 0x00000000cf180000, 0x00000000eab00000)
  object space 247296K, 93% used [0x00000000c0000000,0x00000000ce227ac8,0x00000000cf180000)
 Metaspace       used 52348K, committed 53120K, reserved 1097728K
  class space    used 5664K, committed 6016K, reserved 1048576K
}
Event: 75.088 GC heap after
{Heap after GC invocations=104 (full 8):
 PSYoungGen      total 31232K, used 7173K [0x00000000eab00000, 0x00000000ed500000, 0x0000000100000000)
  eden space 23552K, 0% used [0x00000000eab00000,0x00000000eab00000,0x00000000ec200000)
  from space 7680K, 93% used [0x00000000ecd80000,0x00000000ed481550,0x00000000ed500000)
  to   space 8704K, 0% used [0x00000000ec400000,0x00000000ec400000,0x00000000ecc80000)
 ParOldGen       total 247296K, used 237665K [0x00000000c0000000, 0x00000000cf180000, 0x00000000eab00000)
  object space 247296K, 96% used [0x00000000c0000000,0x00000000ce8184d8,0x00000000cf180000)
 Metaspace       used 52348K, committed 53120K, reserved 1097728K
  class space    used 5664K, committed 6016K, reserved 1048576K
}
Event: 75.327 GC heap before
{Heap before GC invocations=105 (full 8):
 PSYoungGen      total 31232K, used 30695K [0x00000000eab00000, 0x00000000ed500000, 0x0000000100000000)
  eden space 23552K, 99% used [0x00000000eab00000,0x00000000ec1f87d8,0x00000000ec200000)
  from space 7680K, 93% used [0x00000000ecd80000,0x00000000ed481550,0x00000000ed500000)
  to   space 8704K, 0% used [0x00000000ec400000,0x00000000ec400000,0x00000000ecc80000)
 ParOldGen       total 247296K, used 237665K [0x00000000c0000000, 0x00000000cf180000, 0x00000000eab00000)
  object space 247296K, 96% used [0x00000000c0000000,0x00000000ce8184d8,0x00000000cf180000)
 Metaspace       used 52348K, committed 53120K, reserved 1097728K
  class space    used 5664K, committed 6016K, reserved 1048576K
}
Event: 75.343 GC heap after
{Heap after GC invocations=105 (full 8):
 PSYoungGen      total 34304K, used 8673K [0x00000000eab00000, 0x00000000ee600000, 0x0000000100000000)
  eden space 25600K, 0% used [0x00000000eab00000,0x00000000eab00000,0x00000000ec400000)
  from space 8704K, 99% used [0x00000000ec400000,0x00000000ecc787a0,0x00000000ecc80000)
  to   space 17408K, 0% used [0x00000000ed500000,0x00000000ed500000,0x00000000ee600000)
 ParOldGen       total 247296K, used 244725K [0x00000000c0000000, 0x00000000cf180000, 0x00000000eab00000)
  object space 247296K, 98% used [0x00000000c0000000,0x00000000ceefd778,0x00000000cf180000)
 Metaspace       used 52348K, committed 53120K, reserved 1097728K
  class space    used 5664K, committed 6016K, reserved 1048576K
}
Event: 75.343 GC heap before
{Heap before GC invocations=106 (full 9):
 PSYoungGen      total 34304K, used 8673K [0x00000000eab00000, 0x00000000ee600000, 0x0000000100000000)
  eden space 25600K, 0% used [0x00000000eab00000,0x00000000eab00000,0x00000000ec400000)
  from space 8704K, 99% used [0x00000000ec400000,0x00000000ecc787a0,0x00000000ecc80000)
  to   space 17408K, 0% used [0x00000000ed500000,0x00000000ed500000,0x00000000ee600000)
 ParOldGen       total 247296K, used 244725K [0x00000000c0000000, 0x00000000cf180000, 0x00000000eab00000)
  object space 247296K, 98% used [0x00000000c0000000,0x00000000ceefd778,0x00000000cf180000)
 Metaspace       used 52348K, committed 53120K, reserved 1097728K
  class space    used 5664K, committed 6016K, reserved 1048576K
}
Event: 75.919 GC heap after
{Heap after GC invocations=106 (full 9):
 PSYoungGen      total 34304K, used 4860K [0x00000000eab00000, 0x00000000ee800000, 0x0000000100000000)
  eden space 25600K, 0% used [0x00000000eab00000,0x00000000eab00000,0x00000000ec400000)
  from space 8704K, 55% used [0x00000000ec400000,0x00000000ec8bf168,0x00000000ecc80000)
  to   space 17408K, 0% used [0x00000000ed700000,0x00000000ed700000,0x00000000ee800000)
 ParOldGen       total 297984K, used 246916K [0x00000000c0000000, 0x00000000d2300000, 0x00000000eab00000)
  object space 297984K, 82% used [0x00000000c0000000,0x00000000cf121298,0x00000000d2300000)
 Metaspace       used 52348K, committed 53120K, reserved 1097728K
  class space    used 5664K, committed 6016K, reserved 1048576K
}
Event: 76.083 GC heap before
{Heap before GC invocations=107 (full 9):
 PSYoungGen      total 34304K, used 30460K [0x00000000eab00000, 0x00000000ee800000, 0x0000000100000000)
  eden space 25600K, 100% used [0x00000000eab00000,0x00000000ec400000,0x00000000ec400000)
  from space 8704K, 55% used [0x00000000ec400000,0x00000000ec8bf168,0x00000000ecc80000)
  to   space 17408K, 0% used [0x00000000ed700000,0x00000000ed700000,0x00000000ee800000)
 ParOldGen       total 297984K, used 246916K [0x00000000c0000000, 0x00000000d2300000, 0x00000000eab00000)
  object space 297984K, 82% used [0x00000000c0000000,0x00000000cf121298,0x00000000d2300000)
 Metaspace       used 52348K, committed 53120K, reserved 1097728K
  class space    used 5664K, committed 6016K, reserved 1048576K
}
Event: 76.131 GC heap after
{Heap after GC invocations=107 (full 9):
 PSYoungGen      total 38400K, used 10408K [0x00000000eab00000, 0x00000000ee180000, 0x0000000100000000)
  eden space 27648K, 0% used [0x00000000eab00000,0x00000000eab00000,0x00000000ec600000)
  from space 10752K, 96% used [0x00000000ed700000,0x00000000ee12a1b0,0x00000000ee180000)
  to   space 12800K, 0% used [0x00000000ec880000,0x00000000ec880000,0x00000000ed500000)
 ParOldGen       total 297984K, used 251845K [0x00000000c0000000, 0x00000000d2300000, 0x00000000eab00000)
  object space 297984K, 84% used [0x00000000c0000000,0x00000000cf5f17e8,0x00000000d2300000)
 Metaspace       used 52348K, committed 53120K, reserved 1097728K
  class space    used 5664K, committed 6016K, reserved 1048576K
}
Event: 77.559 GC heap before
{Heap before GC invocations=108 (full 9):
 PSYoungGen      total 38400K, used 38056K [0x00000000eab00000, 0x00000000ee180000, 0x0000000100000000)
  eden space 27648K, 100% used [0x00000000eab00000,0x00000000ec600000,0x00000000ec600000)
  from space 10752K, 96% used [0x00000000ed700000,0x00000000ee12a1b0,0x00000000ee180000)
  to   space 12800K, 0% used [0x00000000ec880000,0x00000000ec880000,0x00000000ed500000)
 ParOldGen       total 297984K, used 251845K [0x00000000c0000000, 0x00000000d2300000, 0x00000000eab00000)
  object space 297984K, 84% used [0x00000000c0000000,0x00000000cf5f17e8,0x00000000d2300000)
 Metaspace       used 52366K, committed 53120K, reserved 1097728K
  class space    used 5664K, committed 6016K, reserved 1048576K
}
Event: 77.592 GC heap after
{Heap after GC invocations=108 (full 9):
 PSYoungGen      total 41984K, used 12788K [0x00000000eab00000, 0x00000000efc80000, 0x0000000100000000)
  eden space 29184K, 0% used [0x00000000eab00000,0x00000000eab00000,0x00000000ec780000)
  from space 12800K, 99% used [0x00000000ec880000,0x00000000ed4fd3f0,0x00000000ed500000)
  to   space 27136K, 0% used [0x00000000ee200000,0x00000000ee200000,0x00000000efc80000)
 ParOldGen       total 297984K, used 263676K [0x00000000c0000000, 0x00000000d2300000, 0x00000000eab00000)
  object space 297984K, 88% used [0x00000000c0000000,0x00000000d017f278,0x00000000d2300000)
 Metaspace       used 52366K, committed 53120K, reserved 1097728K
  class space    used 5664K, committed 6016K, reserved 1048576K
}
Event: 78.163 GC heap before
{Heap before GC invocations=109 (full 9):
 PSYoungGen      total 41984K, used 41972K [0x00000000eab00000, 0x00000000efc80000, 0x0000000100000000)
  eden space 29184K, 100% used [0x00000000eab00000,0x00000000ec780000,0x00000000ec780000)
  from space 12800K, 99% used [0x00000000ec880000,0x00000000ed4fd3f0,0x00000000ed500000)
  to   space 27136K, 0% used [0x00000000ee200000,0x00000000ee200000,0x00000000efc80000)
 ParOldGen       total 297984K, used 263676K [0x00000000c0000000, 0x00000000d2300000, 0x00000000eab00000)
  object space 297984K, 88% used [0x00000000c0000000,0x00000000d017f278,0x00000000d2300000)
 Metaspace       used 52366K, committed 53120K, reserved 1097728K
  class space    used 5664K, committed 6016K, reserved 1048576K
}
Event: 78.228 GC heap after
{Heap after GC invocations=109 (full 9):
 PSYoungGen      total 55808K, used 26307K [0x00000000eab00000, 0x00000000eff80000, 0x0000000100000000)
  eden space 28672K, 0% used [0x00000000eab00000,0x00000000eab00000,0x00000000ec700000)
  from space 27136K, 96% used [0x00000000ee200000,0x00000000efbb0d60,0x00000000efc80000)
  to   space 27648K, 0% used [0x00000000ec700000,0x00000000ec700000,0x00000000ee200000)
 ParOldGen       total 297984K, used 276402K [0x00000000c0000000, 0x00000000d2300000, 0x00000000eab00000)
  object space 297984K, 92% used [0x00000000c0000000,0x00000000d0dec888,0x00000000d2300000)
 Metaspace       used 52366K, committed 53120K, reserved 1097728K
  class space    used 5664K, committed 6016K, reserved 1048576K
}
Event: 81.115 GC heap before
{Heap before GC invocations=110 (full 9):
 PSYoungGen      total 55808K, used 54979K [0x00000000eab00000, 0x00000000eff80000, 0x0000000100000000)
  eden space 28672K, 100% used [0x00000000eab00000,0x00000000ec700000,0x00000000ec700000)
  from space 27136K, 96% used [0x00000000ee200000,0x00000000efbb0d60,0x00000000efc80000)
  to   space 27648K, 0% used [0x00000000ec700000,0x00000000ec700000,0x00000000ee200000)
 ParOldGen       total 297984K, used 276402K [0x00000000c0000000, 0x00000000d2300000, 0x00000000eab00000)
  object space 297984K, 92% used [0x00000000c0000000,0x00000000d0dec888,0x00000000d2300000)
 Metaspace       used 52496K, committed 53248K, reserved 1097728K
  class space    used 5679K, committed 6016K, reserved 1048576K
}
Event: 81.182 GC heap after
{Heap after GC invocations=110 (full 9):
 PSYoungGen      total 56320K, used 27628K [0x00000000eab00000, 0x00000000f1800000, 0x0000000100000000)
  eden space 28672K, 0% used [0x00000000eab00000,0x00000000eab00000,0x00000000ec700000)
  from space 27648K, 99% used [0x00000000ec700000,0x00000000ee1fb160,0x00000000ee200000)
  to   space 40448K, 0% used [0x00000000ef080000,0x00000000ef080000,0x00000000f1800000)
 ParOldGen       total 297984K, used 286928K [0x00000000c0000000, 0x00000000d2300000, 0x00000000eab00000)
  object space 297984K, 96% used [0x00000000c0000000,0x00000000d1834108,0x00000000d2300000)
 Metaspace       used 52496K, committed 53248K, reserved 1097728K
  class space    used 5679K, committed 6016K, reserved 1048576K
}
Event: 81.182 GC heap before
{Heap before GC invocations=111 (full 10):
 PSYoungGen      total 56320K, used 27628K [0x00000000eab00000, 0x00000000f1800000, 0x0000000100000000)
  eden space 28672K, 0% used [0x00000000eab00000,0x00000000eab00000,0x00000000ec700000)
  from space 27648K, 99% used [0x00000000ec700000,0x00000000ee1fb160,0x00000000ee200000)
  to   space 40448K, 0% used [0x00000000ef080000,0x00000000ef080000,0x00000000f1800000)
 ParOldGen       total 297984K, used 286928K [0x00000000c0000000, 0x00000000d2300000, 0x00000000eab00000)
  object space 297984K, 96% used [0x00000000c0000000,0x00000000d1834108,0x00000000d2300000)
 Metaspace       used 52496K, committed 53248K, reserved 1097728K
  class space    used 5679K, committed 6016K, reserved 1048576K
}

Deoptimization events (20 events):
Event: 81.028 Thread 0x00000208aa1a3bb0 Uncommon trap: trap_request=0xffffffde fr.pc=0x000002089ce6a838 relative=0x00000000000006d8
Event: 81.028 Thread 0x00000208aa1a3bb0 Uncommon trap: reason=class_check action=maybe_recompile pc=0x000002089ce6a838 method=org.eclipse.jdt.internal.compiler.util.SimpleLookupTable.put(Ljava/lang/Object;Ljava/lang/Object;)Ljava/lang/Object; @ 7 c2
Event: 81.028 Thread 0x00000208aa1a3bb0 DEOPT PACKING pc=0x000002089ce6a838 sp=0x000000ca2a4ff000
Event: 81.028 Thread 0x00000208aa1a3bb0 DEOPT UNPACKING pc=0x00000208950c209d sp=0x000000ca2a4fefb8 mode 2
Event: 81.041 Thread 0x00000208aa1a3bb0 Uncommon trap: trap_request=0xffffffde fr.pc=0x000002089cec5c1c relative=0x00000000000005dc
Event: 81.041 Thread 0x00000208aa1a3bb0 Uncommon trap: reason=class_check action=maybe_recompile pc=0x000002089cec5c1c method=org.eclipse.jdt.internal.compiler.util.SimpleLookupTable.get(Ljava/lang/Object;)Ljava/lang/Object; @ 7 c2
Event: 81.041 Thread 0x00000208aa1a3bb0 DEOPT PACKING pc=0x000002089cec5c1c sp=0x000000ca2a4fefe0
Event: 81.041 Thread 0x00000208aa1a3bb0 DEOPT UNPACKING pc=0x00000208950c209d sp=0x000000ca2a4fef88 mode 2
Event: 81.041 Thread 0x00000208aa1a3bb0 Uncommon trap: trap_request=0xffffffde fr.pc=0x000002089cec5c1c relative=0x00000000000005dc
Event: 81.041 Thread 0x00000208aa1a3bb0 Uncommon trap: reason=class_check action=maybe_recompile pc=0x000002089cec5c1c method=org.eclipse.jdt.internal.compiler.util.SimpleLookupTable.get(Ljava/lang/Object;)Ljava/lang/Object; @ 7 c2
Event: 81.041 Thread 0x00000208aa1a3bb0 DEOPT PACKING pc=0x000002089cec5c1c sp=0x000000ca2a4ff070
Event: 81.041 Thread 0x00000208aa1a3bb0 DEOPT UNPACKING pc=0x00000208950c209d sp=0x000000ca2a4ff018 mode 2
Event: 81.041 Thread 0x00000208aa1a3bb0 Uncommon trap: trap_request=0xffffff45 fr.pc=0x000002089ce94428 relative=0x0000000000000ca8
Event: 81.041 Thread 0x00000208aa1a3bb0 Uncommon trap: reason=unstable_if action=reinterpret pc=0x000002089ce94428 method=org.eclipse.core.runtime.Path.toString()Ljava/lang/String; @ 22 c2
Event: 81.041 Thread 0x00000208aa1a3bb0 DEOPT PACKING pc=0x000002089ce94428 sp=0x000000ca2a4fefb0
Event: 81.041 Thread 0x00000208aa1a3bb0 DEOPT UNPACKING pc=0x00000208950c209d sp=0x000000ca2a4fef60 mode 2
Event: 81.043 Thread 0x00000208aa1a3bb0 Uncommon trap: trap_request=0xffffffde fr.pc=0x000002089ce6a838 relative=0x00000000000006d8
Event: 81.043 Thread 0x00000208aa1a3bb0 Uncommon trap: reason=class_check action=maybe_recompile pc=0x000002089ce6a838 method=org.eclipse.jdt.internal.compiler.util.SimpleLookupTable.put(Ljava/lang/Object;Ljava/lang/Object;)Ljava/lang/Object; @ 7 c2
Event: 81.043 Thread 0x00000208aa1a3bb0 DEOPT PACKING pc=0x000002089ce6a838 sp=0x000000ca2a4fefb0
Event: 81.043 Thread 0x00000208aa1a3bb0 DEOPT UNPACKING pc=0x00000208950c209d sp=0x000000ca2a4fef68 mode 2

Classes unloaded (0 events):
No events

Classes redefined (0 events):
No events

Internal exceptions (20 events):
Event: 51.252 Thread 0x00000208aa1a1060 Exception <a 'sun/nio/fs/WindowsException'{0x00000000eb86f3a0}> (0x00000000eb86f3a0) 
thrown [e:\jenkins\tmp\workspace\build\src\src\hotspot\share\prims\jni.cpp, line 516]
Event: 51.260 Thread 0x00000208aa1a1060 Exception <a 'sun/nio/fs/WindowsException'{0x00000000eb8822c8}> (0x00000000eb8822c8) 
thrown [e:\jenkins\tmp\workspace\build\src\src\hotspot\share\prims\jni.cpp, line 516]
Event: 51.322 Thread 0x00000208aa1a1060 Exception <a 'sun/nio/fs/WindowsException'{0x00000000eb8a5058}> (0x00000000eb8a5058) 
thrown [e:\jenkins\tmp\workspace\build\src\src\hotspot\share\prims\jni.cpp, line 516]
Event: 51.342 Thread 0x00000208aa1a1060 Exception <a 'sun/nio/fs/WindowsException'{0x00000000eb8c0758}> (0x00000000eb8c0758) 
thrown [e:\jenkins\tmp\workspace\build\src\src\hotspot\share\prims\jni.cpp, line 516]
Event: 51.462 Thread 0x00000208aa1a1060 Exception <a 'java/lang/NoSuchMethodError'{0x00000000eb994130}: 'java.lang.Object java.lang.invoke.DirectMethodHandle$Holder.newInvokeSpecial(java.lang.Object, java.lang.Object, java.lang.Object, java.lang.Object, java.lang.Object, java.lang.Object, java.lang.Object, java.lang.Object)'> (0x00000000eb994130) 
thrown [e:\jenkins\tmp\workspace\build\src\src\hotspot\share\interpreter\linkResolver.cpp, line 766]
Event: 51.464 Thread 0x00000208aa1a1060 Exception <a 'java/lang/NoSuchMethodError'{0x00000000eb9991f8}: 'java.lang.Object java.lang.invoke.DirectMethodHandle$Holder.invokeSpecial(java.lang.Object, java.lang.Object, java.lang.Object, java.lang.Object, java.lang.Object, java.lang.Object, java.lang.Object, java.lang.Object, java.lang.Object)'> (0x00000000eb9991f8) 
thrown [e:\jenkins\tmp\workspace\build\src\src\hotspot\share\interpreter\linkResolver.cpp, line 766]
Event: 51.468 Thread 0x00000208aa1a1060 Exception <a 'java/lang/NoSuchMethodError'{0x00000000eb99dbd8}: 'java.lang.Object java.lang.invoke.Invokers$Holder.linkToTargetMethod(java.lang.Object, java.lang.Object, java.lang.Object, java.lang.Object, java.lang.Object, java.lang.Object, java.lang.Object, java.lang.Object)'> (0x00000000eb99dbd8) 
thrown [e:\jenkins\tmp\workspace\build\src\src\hotspot\share\interpreter\linkResolver.cpp, line 766]
Event: 51.606 Thread 0x00000208aa1a2870 Exception <a 'sun/nio/fs/WindowsException'{0x00000000ebb451a8}> (0x00000000ebb451a8) 
thrown [e:\jenkins\tmp\workspace\build\src\src\hotspot\share\prims\jni.cpp, line 516]
Event: 51.731 Thread 0x00000208aa1a36e0 Exception <a 'java/io/FileNotFoundException'{0x00000000ebbc1b70}> (0x00000000ebbc1b70) 
thrown [e:\jenkins\tmp\workspace\build\src\src\hotspot\share\prims\jni.cpp, line 516]
Event: 51.731 Thread 0x00000208aa1a36e0 Exception <a 'java/io/FileNotFoundException'{0x00000000ebbc3e80}> (0x00000000ebbc3e80) 
thrown [e:\jenkins\tmp\workspace\build\src\src\hotspot\share\prims\jni.cpp, line 516]
Event: 51.732 Thread 0x00000208aa1a36e0 Exception <a 'java/io/FileNotFoundException'{0x00000000ebbc5338}> (0x00000000ebbc5338) 
thrown [e:\jenkins\tmp\workspace\build\src\src\hotspot\share\prims\jni.cpp, line 516]
Event: 52.561 Thread 0x00000208aa1a36e0 Exception <a 'java/lang/NoSuchMethodError'{0x00000000eba18c38}: 'java.lang.Object java.lang.invoke.DirectMethodHandle$Holder.newInvokeSpecial(java.lang.Object, java.lang.Object, java.lang.Object, int)'> (0x00000000eba18c38) 
thrown [e:\jenkins\tmp\workspace\build\src\src\hotspot\share\interpreter\linkResolver.cpp, line 766]
Event: 52.562 Thread 0x00000208aa1a36e0 Exception <a 'java/lang/NoSuchMethodError'{0x00000000eba1cc60}: 'java.lang.Object java.lang.invoke.DirectMethodHandle$Holder.invokeSpecial(java.lang.Object, java.lang.Object, java.lang.Object, java.lang.Object, int)'> (0x00000000eba1cc60) 
thrown [e:\jenkins\tmp\workspace\build\src\src\hotspot\share\interpreter\linkResolver.cpp, line 766]
Event: 52.562 Thread 0x00000208aa1a36e0 Exception <a 'java/lang/NoSuchMethodError'{0x00000000eba20638}: 'java.lang.Object java.lang.invoke.Invokers$Holder.linkToTargetMethod(java.lang.Object, java.lang.Object, int, java.lang.Object)'> (0x00000000eba20638) 
thrown [e:\jenkins\tmp\workspace\build\src\src\hotspot\share\interpreter\linkResolver.cpp, line 766]
Event: 56.673 Thread 0x00000208aa1a3bb0 Implicit null exception at 0x000002089cca5aac to 0x000002089cca5b9c
Event: 59.556 Thread 0x00000208aa1a3bb0 Implicit null exception at 0x000002089ce26168 to 0x000002089ce2e594
Event: 60.548 Thread 0x00000208aa1a3bb0 Implicit null exception at 0x000002089ce3baed to 0x000002089ce44e4c
Event: 63.743 Thread 0x00000208a68fd200 Exception <a 'java/net/SocketException'{0x00000000eab478a0}: Socket is not connected: shutdown> (0x00000000eab478a0) 
thrown [e:\jenkins\tmp\workspace\build\src\src\hotspot\share\prims\jni.cpp, line 535]
Event: 77.203 Thread 0x00000208aa1a3bb0 Implicit null exception at 0x000002089cf337d9 to 0x000002089cf3521c
Event: 81.041 Thread 0x00000208aa1a3bb0 Implicit null exception at 0x000002089ce939f9 to 0x000002089ce94410

VM Operations (20 events):
Event: 73.317 Executing VM operation: ParallelGCFailedAllocation done
Event: 73.471 Executing VM operation: ParallelGCFailedAllocation
Event: 73.484 Executing VM operation: ParallelGCFailedAllocation done
Event: 73.594 Executing VM operation: ParallelGCFailedAllocation
Event: 73.605 Executing VM operation: ParallelGCFailedAllocation done
Event: 73.708 Executing VM operation: ParallelGCFailedAllocation
Event: 73.723 Executing VM operation: ParallelGCFailedAllocation done
Event: 74.864 Executing VM operation: ParallelGCFailedAllocation
Event: 74.884 Executing VM operation: ParallelGCFailedAllocation done
Event: 75.069 Executing VM operation: ParallelGCFailedAllocation
Event: 75.088 Executing VM operation: ParallelGCFailedAllocation done
Event: 75.327 Executing VM operation: ParallelGCFailedAllocation
Event: 75.919 Executing VM operation: ParallelGCFailedAllocation done
Event: 76.083 Executing VM operation: ParallelGCFailedAllocation
Event: 76.131 Executing VM operation: ParallelGCFailedAllocation done
Event: 77.559 Executing VM operation: ParallelGCFailedAllocation
Event: 77.592 Executing VM operation: ParallelGCFailedAllocation done
Event: 78.163 Executing VM operation: ParallelGCFailedAllocation
Event: 78.228 Executing VM operation: ParallelGCFailedAllocation done
Event: 81.114 Executing VM operation: ParallelGCFailedAllocation

Events (20 events):
Event: 52.688 Thread 0x00000208aa1a1a00 Thread exited: 0x00000208aa1a1a00
Event: 52.733 Thread 0x00000208aa1a3210 Thread exited: 0x00000208aa1a3210
Event: 63.260 Thread 0x00000208a6992a10 flushing nmethod 0x0000020896044e10
Event: 63.260 Thread 0x00000208a6992a10 flushing nmethod 0x00000208960b8b10
Event: 63.735 loading class java/net/StandardSocketOptions
Event: 63.741 loading class java/net/StandardSocketOptions done
Event: 63.741 loading class java/net/StandardSocketOptions$StdSocketOption
Event: 63.742 loading class java/net/StandardSocketOptions$StdSocketOption done
Event: 63.742 loading class sun/nio/ch/SocketOptionRegistry
Event: 63.742 loading class sun/nio/ch/SocketOptionRegistry done
Event: 63.742 loading class sun/nio/ch/SocketOptionRegistry$RegistryKey
Event: 63.742 loading class sun/nio/ch/SocketOptionRegistry$RegistryKey done
Event: 63.742 loading class sun/nio/ch/SocketOptionRegistry$LazyInitialization
Event: 63.742 loading class sun/nio/ch/SocketOptionRegistry$LazyInitialization done
Event: 63.742 loading class sun/nio/ch/OptionKey
Event: 63.742 loading class sun/nio/ch/OptionKey done
Event: 63.742 loading class sun/nio/ch/ExtendedSocketOption
Event: 63.742 loading class sun/nio/ch/ExtendedSocketOption done
Event: 63.742 loading class sun/nio/ch/ExtendedSocketOption$1
Event: 63.743 loading class sun/nio/ch/ExtendedSocketOption$1 done


Dynamic libraries:
0x00007ff7f5930000 - 0x00007ff7f593e000 	c:\Users\Tariq Ahmed\.vscode\extensions\redhat.java-1.3.0\jre\17.0.1-win32-x86_64\bin\java.exe
0x00007ffdbc5f0000 - 0x00007ffdbc7e5000 	C:\WINDOWS\SYSTEM32\ntdll.dll
0x00007ffdbbee0000 - 0x00007ffdbbf9e000 	C:\WINDOWS\System32\KERNEL32.DLL
0x00007ffdb9f30000 - 0x00007ffdba1f8000 	C:\WINDOWS\System32\KERNELBASE.dll
0x00007ffdb9e30000 - 0x00007ffdb9f30000 	C:\WINDOWS\System32\ucrtbase.dll
0x00007ffdb4130000 - 0x00007ffdb4148000 	c:\Users\Tariq Ahmed\.vscode\extensions\redhat.java-1.3.0\jre\17.0.1-win32-x86_64\bin\jli.dll
0x00007ffdbac40000 - 0x00007ffdbade1000 	C:\WINDOWS\System32\USER32.dll
0x00007ffdba600000 - 0x00007ffdba622000 	C:\WINDOWS\System32\win32u.dll
0x00007ffdbc230000 - 0x00007ffdbc25b000 	C:\WINDOWS\System32\GDI32.dll
0x00007ffdba360000 - 0x00007ffdba46d000 	C:\WINDOWS\System32\gdi32full.dll
0x00007ffdba470000 - 0x00007ffdba50d000 	C:\WINDOWS\System32\msvcp_win.dll
0x00007ffdb40e0000 - 0x00007ffdb40f9000 	c:\Users\Tariq Ahmed\.vscode\extensions\redhat.java-1.3.0\jre\17.0.1-win32-x86_64\bin\VCRUNTIME140.dll
0x00007ffdad070000 - 0x00007ffdad30a000 	C:\WINDOWS\WinSxS\amd64_microsoft.windows.common-controls_6595b64144ccf1df_6.0.19041.1110_none_60b5254171f9507e\COMCTL32.dll
0x00007ffdbc510000 - 0x00007ffdbc5ae000 	C:\WINDOWS\System32\msvcrt.dll
0x00007ffdbc300000 - 0x00007ffdbc330000 	C:\WINDOWS\System32\IMM32.DLL
0x00007ffdb7450000 - 0x00007ffdb745c000 	c:\Users\Tariq Ahmed\.vscode\extensions\redhat.java-1.3.0\jre\17.0.1-win32-x86_64\bin\vcruntime140_1.dll
0x00007ffd93940000 - 0x00007ffd939d1000 	c:\Users\Tariq Ahmed\.vscode\extensions\redhat.java-1.3.0\jre\17.0.1-win32-x86_64\bin\msvcp140.dll
0x00007ffd6ff50000 - 0x00007ffd70b96000 	c:\Users\Tariq Ahmed\.vscode\extensions\redhat.java-1.3.0\jre\17.0.1-win32-x86_64\bin\server\jvm.dll
0x00007ffdbab90000 - 0x00007ffdbac3e000 	C:\WINDOWS\System32\ADVAPI32.dll
0x00007ffdbbd20000 - 0x00007ffdbbdbc000 	C:\WINDOWS\System32\sechost.dll
0x00007ffdbc100000 - 0x00007ffdbc225000 	C:\WINDOWS\System32\RPCRT4.dll
0x00007ffdbab80000 - 0x00007ffdbab88000 	C:\WINDOWS\System32\PSAPI.DLL
0x00007ffdb5760000 - 0x00007ffdb5769000 	C:\WINDOWS\SYSTEM32\WSOCK32.dll
0x00007ffdba630000 - 0x00007ffdba69b000 	C:\WINDOWS\System32\WS2_32.dll
0x00007ffd98600000 - 0x00007ffd98627000 	C:\WINDOWS\SYSTEM32\WINMM.dll
0x00007ffdaa950000 - 0x00007ffdaa95a000 	C:\WINDOWS\SYSTEM32\VERSION.dll
0x00007ffdb7bf0000 - 0x00007ffdb7c02000 	C:\WINDOWS\SYSTEM32\kernel.appcore.dll
0x00007ffdb4120000 - 0x00007ffdb412a000 	c:\Users\Tariq Ahmed\.vscode\extensions\redhat.java-1.3.0\jre\17.0.1-win32-x86_64\bin\jimage.dll
0x00007ffda7170000 - 0x00007ffda7354000 	C:\WINDOWS\SYSTEM32\DBGHELP.DLL
0x00007ffda7110000 - 0x00007ffda713c000 	C:\WINDOWS\SYSTEM32\dbgcore.DLL
0x00007ffdba510000 - 0x00007ffdba592000 	C:\WINDOWS\System32\bcryptPrimitives.dll
0x00007ffdb3e80000 - 0x00007ffdb3ea5000 	c:\Users\Tariq Ahmed\.vscode\extensions\redhat.java-1.3.0\jre\17.0.1-win32-x86_64\bin\java.dll
0x00007ffdb3c70000 - 0x00007ffdb3c88000 	c:\Users\Tariq Ahmed\.vscode\extensions\redhat.java-1.3.0\jre\17.0.1-win32-x86_64\bin\zip.dll
0x00007ffdbadf0000 - 0x00007ffdbb534000 	C:\WINDOWS\System32\SHELL32.dll
0x00007ffdb7df0000 - 0x00007ffdb8585000 	C:\WINDOWS\SYSTEM32\windows.storage.dll
0x00007ffdbb7d0000 - 0x00007ffdbbb25000 	C:\WINDOWS\System32\combase.dll
0x00007ffdb9680000 - 0x00007ffdb96ae000 	C:\WINDOWS\SYSTEM32\Wldp.dll
0x00007ffdbbe30000 - 0x00007ffdbbedd000 	C:\WINDOWS\System32\SHCORE.dll
0x00007ffdbbdd0000 - 0x00007ffdbbe25000 	C:\WINDOWS\System32\shlwapi.dll
0x00007ffdb9c40000 - 0x00007ffdb9c5f000 	C:\WINDOWS\SYSTEM32\profapi.dll
0x00007ffdb3ba0000 - 0x00007ffdb3bb9000 	C:\Users\Tariq Ahmed\.vscode\extensions\redhat.java-1.3.0\jre\17.0.1-win32-x86_64\bin\net.dll
0x00007ffdabc20000 - 0x00007ffdabd2c000 	C:\WINDOWS\SYSTEM32\WINHTTP.dll
0x00007ffdb93e0000 - 0x00007ffdb944a000 	C:\WINDOWS\system32\mswsock.dll
0x00007ffdb3b80000 - 0x00007ffdb3b95000 	C:\Users\Tariq Ahmed\.vscode\extensions\redhat.java-1.3.0\jre\17.0.1-win32-x86_64\bin\nio.dll
0x00007ffdb95d0000 - 0x00007ffdb95e8000 	C:\WINDOWS\SYSTEM32\CRYPTSP.dll
0x00007ffdb8d60000 - 0x00007ffdb8d94000 	C:\WINDOWS\system32\rsaenh.dll
0x00007ffdb9e00000 - 0x00007ffdb9e27000 	C:\WINDOWS\System32\bcrypt.dll
0x00007ffdb9c00000 - 0x00007ffdb9c2e000 	C:\WINDOWS\SYSTEM32\USERENV.dll
0x00007ffdb95f0000 - 0x00007ffdb95fc000 	C:\WINDOWS\SYSTEM32\CRYPTBASE.dll
0x00007ffdb90d0000 - 0x00007ffdb910b000 	C:\WINDOWS\SYSTEM32\IPHLPAPI.DLL
0x00007ffdbbcb0000 - 0x00007ffdbbcb8000 	C:\WINDOWS\System32\NSI.dll
0x00007ffdaf610000 - 0x00007ffdaf627000 	C:\WINDOWS\SYSTEM32\dhcpcsvc6.DLL
0x00007ffdaffe0000 - 0x00007ffdafffd000 	C:\WINDOWS\SYSTEM32\dhcpcsvc.DLL
0x00007ffdb9110000 - 0x00007ffdb91db000 	C:\WINDOWS\SYSTEM32\DNSAPI.dll
0x00007ffdb2e80000 - 0x00007ffdb2ebe000 	C:\Users\Tariq Ahmed\AppData\Roaming\Code\User\globalStorage\redhat.java\1.3.0\config_win\org.eclipse.equinox.launcher\org.eclipse.equinox.launcher.win32.win32.x86_64_1.2.400.v20211117-0650\eclipse_11602.dll
0x00007ffdbc3e0000 - 0x00007ffdbc50a000 	C:\WINDOWS\System32\ole32.dll
0x00007ffdb40d0000 - 0x00007ffdb40e0000 	c:\Users\Tariq Ahmed\.vscode\extensions\redhat.java-1.3.0\jre\17.0.1-win32-x86_64\bin\verify.dll
0x00007ffdaf330000 - 0x00007ffdaf341000 	C:\Users\Tariq Ahmed\AppData\Roaming\Code\User\globalStorage\redhat.java\1.3.0\config_win\org.eclipse.osgi\22\0\.cp\jWinHttp-1.0.0.dll
0x00007ffdb3f40000 - 0x00007ffdb3f4e000 	C:\Users\Tariq Ahmed\.vscode\extensions\redhat.java-1.3.0\jre\17.0.1-win32-x86_64\bin\sunmscapi.dll
0x00007ffdba200000 - 0x00007ffdba356000 	C:\WINDOWS\System32\CRYPT32.dll
0x00007ffdb96f0000 - 0x00007ffdb9717000 	C:\WINDOWS\SYSTEM32\ncrypt.dll
0x00007ffdb96b0000 - 0x00007ffdb96eb000 	C:\WINDOWS\SYSTEM32\NTASN1.dll
0x00007ffdaaa20000 - 0x00007ffdaaa2a000 	C:\Windows\System32\rasadhlp.dll

dbghelp: loaded successfully - version: 4.0.5 - missing functions: none
symbol engine: initialized successfully - sym options: 0x614 - pdb path: .;c:\Users\Tariq Ahmed\.vscode\extensions\redhat.java-1.3.0\jre\17.0.1-win32-x86_64\bin;C:\WINDOWS\SYSTEM32;C:\WINDOWS\WinSxS\amd64_microsoft.windows.common-controls_6595b64144ccf1df_6.0.19041.1110_none_60b5254171f9507e;c:\Users\Tariq Ahmed\.vscode\extensions\redhat.java-1.3.0\jre\17.0.1-win32-x86_64\bin\server;C:\Users\Tariq Ahmed\AppData\Roaming\Code\User\globalStorage\redhat.java\1.3.0\config_win\org.eclipse.equinox.launcher\org.eclipse.equinox.launcher.win32.win32.x86_64_1.2.400.v20211117-0650;C:\Users\Tariq Ahmed\AppData\Roaming\Code\User\globalStorage\redhat.java\1.3.0\config_win\org.eclipse.osgi\22\0\.cp

VM Arguments:
jvm_args: --add-modules=ALL-SYSTEM --add-opens=java.base/java.util=ALL-UNNAMED --add-opens=java.base/java.lang=ALL-UNNAMED --add-opens=java.base/sun.nio.fs=ALL-UNNAMED -Declipse.application=org.eclipse.jdt.ls.core.id1 -Dosgi.bundles.defaultStartLevel=4 -Declipse.product=org.eclipse.jdt.ls.core.product -Djava.import.generatesMetadataFilesAtProjectRoot=false -Dfile.encoding=utf8 -DwatchParentProcess=false -XX:+UseParallelGC -XX:GCTimeRatio=4 -XX:AdaptiveSizePolicyWeight=90 -Dsun.zip.disableMemoryMapping=true -Xmx1G -Xms100m -XX:+HeapDumpOnOutOfMemoryError -XX:HeapDumpPath=c:\Users\Tariq Ahmed\AppData\Roaming\Code\User\workspaceStorage\c492ecba1bd7fc04f28ac71ae3ccf134\redhat.java 
java_command: c:\Users\Tariq Ahmed\.vscode\extensions\redhat.java-1.3.0\server\plugins\org.eclipse.equinox.launcher_1.6.400.v20210924-0641.jar -configuration c:\Users\Tariq Ahmed\AppData\Roaming\Code\User\globalStorage\redhat.java\1.3.0\config_win -data c:\Users\Tariq Ahmed\AppData\Roaming\Code\User\workspaceStorage\c492ecba1bd7fc04f28ac71ae3ccf134\redhat.java\jdt_ws
java_class_path (initial): c:\Users\Tariq Ahmed\.vscode\extensions\redhat.java-1.3.0\server\plugins\org.eclipse.equinox.launcher_1.6.400.v20210924-0641.jar
Launcher Type: SUN_STANDARD

[Global flags]
    uintx AdaptiveSizePolicyWeight                 = 90                                        {product} {command line}
     intx CICompilerCount                          = 2                                         {product} {ergonomic}
    uintx GCTimeRatio                              = 4                                         {product} {command line}
     bool HeapDumpOnOutOfMemoryError               = true                                   {manageable} {command line}
    ccstr HeapDumpPath                             = c:\Users\Tariq Ahmed\AppData\Roaming\Code\User\workspaceStorage\c492ecba1bd7fc04f28ac71ae3ccf134\redhat.java         {manageable} {command line}
   size_t InitialHeapSize                          = 104857600                                 {product} {command line}
   size_t MaxHeapSize                              = 1073741824                                {product} {command line}
   size_t MaxNewSize                               = 357564416                                 {product} {ergonomic}
   size_t MinHeapDeltaBytes                        = 524288                                    {product} {ergonomic}
   size_t MinHeapSize                              = 104857600                                 {product} {command line}
   size_t NewSize                                  = 34603008                                  {product} {ergonomic}
    uintx NonNMethodCodeHeapSize                   = 5826188                                {pd product} {ergonomic}
    uintx NonProfiledCodeHeapSize                  = 122916026                              {pd product} {ergonomic}
   size_t OldSize                                  = 70254592                                  {product} {ergonomic}
    uintx ProfiledCodeHeapSize                     = 122916026                              {pd product} {ergonomic}
    uintx ReservedCodeCacheSize                    = 251658240                              {pd product} {ergonomic}
     bool SegmentedCodeCache                       = true                                      {product} {ergonomic}
   size_t SoftMaxHeapSize                          = 1073741824                             {manageable} {ergonomic}
     bool UseCompressedClassPointers               = true                           {product lp64_product} {ergonomic}
     bool UseCompressedOops                        = true                           {product lp64_product} {ergonomic}
     bool UseLargePagesIndividualAllocation        = false                                  {pd product} {ergonomic}
     bool UseParallelGC                            = true                                      {product} {command line}

Logging:
Log output configuration:
 #0: stdout all=warning uptime,level,tags
 #1: stderr all=off uptime,level,tags

Environment Variables:
PATH=C:\Program Files\Common Files\Oracle\Java\javapath;C:\Python 3.9.6\Scripts\;C:\Python 3.9.6\;C:\Python 3.10\Scripts\;C:\Python 3.10\;C:\WINDOWS\system32;C:\WINDOWS;C:\WINDOWS\System32\Wbem;C:\WINDOWS\System32\WindowsPowerShell\v1.0\;C:\WINDOWS\System32\OpenSSH\;C:\Program Files\Git\cmd;C:\Program Files\nodejs\;C:\Program Files\MySQL\MySQL Shell 8.0\bin\;C:\Users\Tariq Ahmed\AppData\Local\Microsoft\WindowsApps;;C:\Users\Tariq Ahmed\AppData\Local\Programs\Microsoft VS Code\bin;C:\Users\Tariq Ahmed\AppData\Roaming\npm
USERNAME=Tariq Ahmed
OS=Windows_NT
PROCESSOR_IDENTIFIER=Intel64 Family 6 Model 58 Stepping 9, GenuineIntel



---------------  S Y S T E M  ---------------

OS:
 Windows 10 , 64 bit Build 19041 (10.0.19041.1466)
OS uptime: 0 days 23:14 hours

CPU: total 2 (initial active 2) (2 cores per cpu, 1 threads per core) family 6 model 58 stepping 9 microcode 0x21, cx8, cmov, fxsr, mmx, sse, sse2, sse3, ssse3, sse4.1, sse4.2, popcnt, tsc, tscinvbit, erms, clmul, clflush

Memory: 4k page, system-wide physical 3917M (293M free)
TotalPageFile size 6727M (AvailPageFile size 1060M)
current process WorkingSet (physical memory assigned to process): 623M, peak: 623M
current process commit charge ("private bytes"): 564M, peak: 565M

vm_info: OpenJDK 64-Bit Server VM (17.0.1+12) for windows-amd64 JRE (17.0.1+12), built on Oct 20 2021 07:42:55 by "" with MS VC++ 16.7 (VS2019)

END.
